<?xml version="1.0" encoding="UTF-8"?>
<!-- Generated by org.testng.reporters.JUnitReportReporter -->
<testsuite hostname="Zaker" failures="0" tests="1" name="SelenuimAssignmentVL.Assignment2.SelenuimAssignment" time="47.044" errors="0" timestamp="2024-10-05T23:04:35 IST" skipped="0">
  <testcase classname="SelenuimAssignmentVL.Assignment2.SelenuimAssignment" name="amazonTest" time="47.044"/>
</testsuite> <!-- SelenuimAssignmentVL.Assignment2.SelenuimAssignment -->
